<?xml version="1.0" encoding="UTF-8"?>
<!-- Generated by org.testng.reporters.JUnitReportReporter -->
<testsuite hostname="DESKTOP-KFBQTKP" failures="0" tests="4" name="ui.DataProviderDemo" time="0.018" errors="0" timestamp="2021-08-24T10:58:30 BST" skipped="0">
  <testcase classname="ui.DataProviderDemo" name="test" time="0.002"/>
  <system-out/>
  <testcase classname="ui.DataProviderDemo" name="test" time="0.003"/>
  <system-out/>
  <testcase classname="ui.DataProviderDemo" name="test" time="0.004"/>
  <system-out/>
  <testcase classname="ui.DataProviderDemo" name="test" time="0.009"/>
  <system-out/>
</testsuite> <!-- ui.DataProviderDemo -->
