<?xml version="1.0" encoding="UTF-8"?>
<!-- Generated by org.testng.reporters.JUnitReportReporter -->
<testsuite hostname="DESKTOP-KFBQTKP" failures="0" tests="4" name="ui.GroupDemoTest" time="0.016" errors="0" timestamp="2021-08-23T21:00:53 BST" skipped="0">
  <testcase classname="ui.GroupDemoTest" name="cTest3" time="0.003"/>
  <system-out/>
  <testcase classname="ui.GroupDemoTest" name="dTest4" time="0.003"/>
  <system-out/>
  <testcase classname="ui.GroupDemoTest" name="bTest2" time="0.007"/>
  <system-out/>
  <testcase classname="ui.GroupDemoTest" name="aTest1" time="0.003"/>
  <system-out/>
</testsuite> <!-- ui.GroupDemoTest -->
