<?xml version="1.0" encoding="UTF-8"?>
<!-- Generated by org.testng.reporters.JUnitReportReporter -->
<testsuite hostname="DESKTOP-KFBQTKP" failures="0" tests="2" name="ui.LoginTest" time="0.009" errors="0" timestamp="2021-08-23T20:22:17 BST" skipped="0">
  <testcase classname="ui.LoginTest" name="bloginTest" time="0.007"/>
  <system-out/>
  <testcase classname="ui.LoginTest" name="alogouttest" time="0.002"/>
  <system-out/>
</testsuite> <!-- ui.LoginTest -->
