<?xml version="1.0" encoding="UTF-8"?>
<!-- Generated by org.testng.reporters.JUnitReportReporter -->
<testsuite hostname="DESKTOP-KFBQTKP" failures="0" tests="1" name="ui.VerifyTitleText" time="5.059" errors="0" timestamp="2021-08-23T20:22:17 BST" skipped="0">
  <testcase classname="ui.VerifyTitleText" name="TitleTest" time="5.059"/>
  <system-out/>
</testsuite> <!-- ui.VerifyTitleText -->
