<?xml version="1.0" encoding="UTF-8"?>
<!-- Generated by org.testng.reporters.JUnitReportReporter -->
<testsuite hostname="DESKTOP-KFBQTKP" failures="0" tests="2" name="ui.LoginFromTest" time="0.012" errors="0" timestamp="2021-08-23T21:00:53 BST" skipped="0">
  <testcase classname="ui.LoginFromTest" name="bloginTest" time="0.006"/>
  <system-out/>
  <testcase classname="ui.LoginFromTest" name="alogouttest" time="0.006"/>
  <system-out/>
</testsuite> <!-- ui.LoginFromTest -->
